<?xml version="1.0" encoding="UTF-8"?>
<!-- Generated by org.testng.reporters.JUnitReportReporter -->
<testsuite hostname="DESKTOP-96H77BG" failures="0" tests="1" name="base.homeModuleTest" time="71.639" errors="0" timestamp="2023-10-15T21:04:21 IST" skipped="0">
  <testcase classname="base.homeModuleTest" name="ProductSelection" time="71.639"/>
</testsuite> <!-- base.homeModuleTest -->
